Trying to crosscompile from host:
Linux lautreamont 3.14.8-200.fc20.x86_64 #1 SMP Mon Jun 16 21:57:53 UTC 2014 x86_64 x86_64 x86_64 GNU/Linux
to target: win7 64bit


1.
yum install mingw64-gcc-c++.x86_64

Installing:
 mingw64-gcc-c++                                                            x86_64                                                     4.8.3-1.fc20                                                           updates                                                     9.7 M
Installing for dependencies:
 mingw-binutils-generic                                                     x86_64                                                     2.23.52.0.1-2.fc20                                                     fedora                                                      816 k
 mingw-filesystem-base                                                      noarch                                                     99-3.fc20                                                              fedora                                                       32 k
 mingw64-binutils                                                           x86_64                                                     2.23.52.0.1-2.fc20                                                     fedora                                                      2.1 M
 mingw64-cpp                                                                x86_64                                                     4.8.3-1.fc20                                                           updates                                                     4.5 M
 mingw64-crt                                                                noarch                                                     3.1.0-3.fc20                                                           updates                                                     2.4 M
 mingw64-filesystem                                                         noarch                                                     99-3.fc20                                                              fedora                                                      173 k
 mingw64-gcc                                                                x86_64                                                     4.8.3-1.fc20                                                           updates                                                     6.9 M
 mingw64-headers                                                            noarch                                                     3.1.0-1.fc20                                                           updates                                                     4.2 M
 mingw64-winpthreads                                                        noarch                                                     3.1.0-2.fc20                                                           updates                                                      42 k

Transaction Summary
================================================================================================================================================================================================================================================================================
Install  1 Package (+9 Dependent packages)


2.
yum install mingw64-openssl.noarch mingw64-openssl-static.noarch

Installing:
 mingw64-openssl                                                             noarch                                                      1.0.1e-6.fc20                                                       updates                                                      1.3 M
 mingw64-openssl-static                                                      noarch                                                      1.0.1e-6.fc20                                                       updates                                                      924 k
Installing for dependencies:
 mingw64-pkg-config                                                          x86_64                                                      0.28-2.fc20                                                         fedora                                                        47 k
 mingw64-zlib                                                                noarch                                                      1.2.8-2.fc20                                                        fedora                                                        90 k

Transaction Summary
================================================================================================================================================================================================================================================================================
Install  2 Packages (+2 Dependent packages)

